[ 2015-12-30T08:46:10+08:00 ] 192.168.1.4 /ThinkPHP_APP/TP_Message/Index/index.html
INFO: [ app_init ] --START--
INFO: Run Behavior\BuildLiteBehavior [ RunTime:0.000263s ]
INFO: [ app_init ] --END-- [ RunTime:0.008346s ]
INFO: [ app_begin ] --START--
INFO: Run Behavior\ReadHtmlCacheBehavior [ RunTime:0.010446s ]
INFO: [ app_begin ] --END-- [ RunTime:0.011646s ]

[ 2015-12-30T08:46:11+08:00 ] 192.168.1.4 /ThinkPHP_APP/TP_Message/Login/index.html
INFO: [ app_init ] --START--
INFO: Run Behavior\BuildLiteBehavior [ RunTime:0.000246s ]
INFO: [ app_init ] --END-- [ RunTime:0.006357s ]
INFO: [ app_begin ] --START--
INFO: Run Behavior\ReadHtmlCacheBehavior [ RunTime:0.008923s ]
INFO: [ app_begin ] --END-- [ RunTime:0.009993s ]
INFO: [ view_parse ] --START--
INFO: [ template_filter ] --START--
INFO: Run Behavior\ContentReplaceBehavior [ RunTime:0.000855s ]
INFO: [ template_filter ] --END-- [ RunTime:0.001991s ]
INFO: Run Behavior\ParseTemplateBehavior [ RunTime:0.139156s ]
INFO: [ view_parse ] --END-- [ RunTime:0.140632s ]
INFO: [ view_filter ] --START--
INFO: Run Behavior\WriteHtmlCacheBehavior [ RunTime:0.090651s ]
INFO: [ view_filter ] --END-- [ RunTime:0.091700s ]
INFO: [ app_end ] --START--
INFO: Run Behavior\ShowPageTraceBehavior [ RunTime:0.010579s ]
INFO: [ app_end ] --END-- [ RunTime:0.011639s ]

[ 2015-12-30T08:46:12+08:00 ] 192.168.1.4 /ThinkPHP_APP/TP_Message/Login/vcode.html
INFO: [ app_init ] --START--
INFO: Run Behavior\BuildLiteBehavior [ RunTime:0.000260s ]
INFO: [ app_init ] --END-- [ RunTime:0.006713s ]
INFO: [ app_begin ] --START--
INFO: Run Behavior\ReadHtmlCacheBehavior [ RunTime:0.009365s ]
INFO: [ app_begin ] --END-- [ RunTime:0.010536s ]
INFO: [ app_end ] --START--
INFO: Run Behavior\ShowPageTraceBehavior [ RunTime:0.009200s ]
INFO: [ app_end ] --END-- [ RunTime:0.010396s ]

