[ 2016-01-11T22:09:51+08:00 ] 36.46.87.220 /ThinkPHP_APP/TP_Message/
INFO: [ app_init ] --START--
INFO: Run Behavior\BuildLiteBehavior [ RunTime:0.000254s ]
INFO: [ app_init ] --END-- [ RunTime:0.006219s ]

[ 2016-01-11T22:09:52+08:00 ] 36.46.87.220 /ThinkPHP_APP/TP_Message/Login/index.html
INFO: [ app_init ] --START--
INFO: Run Behavior\BuildLiteBehavior [ RunTime:0.000250s ]
INFO: [ app_init ] --END-- [ RunTime:0.006183s ]

[ 2016-01-11T22:09:53+08:00 ] 36.46.87.220 /ThinkPHP_APP/TP_Message/Login/vcode.html
INFO: [ app_init ] --START--
INFO: Run Behavior\BuildLiteBehavior [ RunTime:0.000251s ]
INFO: [ app_init ] --END-- [ RunTime:0.006300s ]

[ 2016-01-11T22:25:46+08:00 ] 192.168.1.5 /
INFO: [ app_init ] --START--
INFO: Run Behavior\BuildLiteBehavior [ RunTime:0.000252s ]
INFO: [ app_init ] --END-- [ RunTime:0.006432s ]

[ 2016-01-11T22:25:46+08:00 ] 192.168.1.5 /Login/index.html
INFO: [ app_init ] --START--
INFO: Run Behavior\BuildLiteBehavior [ RunTime:0.000246s ]
INFO: [ app_init ] --END-- [ RunTime:0.006229s ]

[ 2016-01-11T22:25:48+08:00 ] 192.168.1.5 /Login/vcode.html
INFO: [ app_init ] --START--
INFO: Run Behavior\BuildLiteBehavior [ RunTime:0.000251s ]
INFO: [ app_init ] --END-- [ RunTime:0.006327s ]

[ 2016-01-11T22:25:53+08:00 ] 192.168.1.5 /Login/submit.html
INFO: [ app_init ] --START--
INFO: Run Behavior\BuildLiteBehavior [ RunTime:0.000243s ]
INFO: [ app_init ] --END-- [ RunTime:0.006281s ]

[ 2016-01-11T22:25:54+08:00 ] 192.168.1.5 /Index/index.html
INFO: [ app_init ] --START--
INFO: Run Behavior\BuildLiteBehavior [ RunTime:0.000251s ]
INFO: [ app_init ] --END-- [ RunTime:0.006299s ]

[ 2016-01-11T22:25:55+08:00 ] 192.168.1.5 /Index/refresh.html?p=
INFO: [ app_init ] --START--
INFO: Run Behavior\BuildLiteBehavior [ RunTime:0.000255s ]
INFO: [ app_init ] --END-- [ RunTime:0.006264s ]
INFO: [ app_begin ] --START--
INFO: Run Behavior\ReadHtmlCacheBehavior [ RunTime:0.008405s ]
INFO: [ app_begin ] --END-- [ RunTime:0.009366s ]
SQL: SHOW COLUMNS FROM `table2comment` [ RunTime:0.0073s ]
SQL: SELECT COUNT(*) AS tp_count FROM `table2comment` LIMIT 1   [ RunTime:0.0010s ]
SQL: SELECT c.id,c.username,c.commenttime,c.comment,table2user.imgnum,table2user.webpage FROM table2comment c LEFT JOIN table2user ON c.username = table2user.username  ORDER BY c.commenttime desc LIMIT 0,10   [ RunTime:0.0010s ]

[ 2016-01-11T22:25:55+08:00 ] 192.168.1.5 /ThinkPHP_APP/TP_Message/Public/Home/img/1.jpg
INFO: [ app_init ] --START--
INFO: Run Behavior\BuildLiteBehavior [ RunTime:0.000255s ]
INFO: [ app_init ] --END-- [ RunTime:0.016355s ]

[ 2016-01-11T22:25:55+08:00 ] 192.168.1.5 /ThinkPHP_APP/TP_Message/Public/Home/img/null.jpg
INFO: [ app_init ] --START--
INFO: Run Behavior\BuildLiteBehavior [ RunTime:0.000252s ]
INFO: [ app_init ] --END-- [ RunTime:0.006603s ]

