[ 2016-01-02T10:42:22+08:00 ] 192.168.1.2 /ThinkPHP_APP/TP_Message/index.php
INFO: [ app_init ] --START--
INFO: Run Behavior\BuildLiteBehavior [ RunTime:0.000264s ]
INFO: [ app_init ] --END-- [ RunTime:0.008208s ]
INFO: [ app_begin ] --START--
INFO: Run Behavior\ReadHtmlCacheBehavior [ RunTime:0.010763s ]
INFO: [ app_begin ] --END-- [ RunTime:0.011984s ]

[ 2016-01-02T10:42:22+08:00 ] 192.168.1.2 /ThinkPHP_APP/TP_Message/Login/index.html
INFO: [ app_init ] --START--
INFO: Run Behavior\BuildLiteBehavior [ RunTime:0.000258s ]
INFO: [ app_init ] --END-- [ RunTime:0.006839s ]
INFO: [ app_begin ] --START--
INFO: Run Behavior\ReadHtmlCacheBehavior [ RunTime:0.009250s ]
INFO: [ app_begin ] --END-- [ RunTime:0.010484s ]
INFO: [ view_parse ] --START--
INFO: [ template_filter ] --START--
INFO: Run Behavior\ContentReplaceBehavior [ RunTime:0.000873s ]
INFO: [ template_filter ] --END-- [ RunTime:0.002301s ]
INFO: Run Behavior\ParseTemplateBehavior [ RunTime:0.145983s ]
INFO: [ view_parse ] --END-- [ RunTime:0.147207s ]
INFO: [ view_filter ] --START--
INFO: Run Behavior\WriteHtmlCacheBehavior [ RunTime:0.003400s ]
INFO: [ view_filter ] --END-- [ RunTime:0.004480s ]
INFO: [ app_end ] --START--
INFO: Run Behavior\ShowPageTraceBehavior [ RunTime:0.010585s ]
INFO: [ app_end ] --END-- [ RunTime:0.011760s ]

[ 2016-01-02T10:42:23+08:00 ] 192.168.1.2 /ThinkPHP_APP/TP_Message/Login/vcode.html
INFO: [ app_init ] --START--
INFO: Run Behavior\BuildLiteBehavior [ RunTime:0.000263s ]
INFO: [ app_init ] --END-- [ RunTime:0.011009s ]
INFO: [ app_begin ] --START--
INFO: Run Behavior\ReadHtmlCacheBehavior [ RunTime:0.009870s ]
INFO: [ app_begin ] --END-- [ RunTime:0.010995s ]
INFO: [ app_end ] --START--
INFO: Run Behavior\ShowPageTraceBehavior [ RunTime:0.009103s ]
INFO: [ app_end ] --END-- [ RunTime:0.010262s ]

[ 2016-01-02T10:42:34+08:00 ] 192.168.1.2 /ThinkPHP_APP/TP_Message/Login/submit.html
INFO: [ app_init ] --START--
INFO: Run Behavior\BuildLiteBehavior [ RunTime:0.000263s ]
INFO: [ app_init ] --END-- [ RunTime:0.006832s ]
INFO: [ app_begin ] --START--
INFO: Run Behavior\ReadHtmlCacheBehavior [ RunTime:0.011722s ]
INFO: [ app_begin ] --END-- [ RunTime:0.013283s ]
SQL: SHOW COLUMNS FROM `table2user` [ RunTime:0.0091s ]
NOTIC: [8] Undefined index: validate /home/pi/www/ThinkPHP_APP/TP_Message/ThinkPHP/Library/Think/Model.class.php 第 1185 行.
NOTIC: [8] Undefined index: auto /home/pi/www/ThinkPHP_APP/TP_Message/ThinkPHP/Library/Think/Model.class.php 第 1128 行.
SQL: SELECT * FROM `table2user` WHERE `username` = 'mika' AND `password` = 'ea9fac04827e490a98e773c409a0eda0'  [ RunTime:0.0036s ]

[ 2016-01-02T10:42:34+08:00 ] 192.168.1.2 /ThinkPHP_APP/TP_Message/Index/index.html
INFO: [ app_init ] --START--
INFO: Run Behavior\BuildLiteBehavior [ RunTime:0.000257s ]
INFO: [ app_init ] --END-- [ RunTime:0.006760s ]
INFO: [ app_begin ] --START--
INFO: Run Behavior\ReadHtmlCacheBehavior [ RunTime:0.009015s ]
INFO: [ app_begin ] --END-- [ RunTime:0.010717s ]
INFO: [ view_parse ] --START--
INFO: [ template_filter ] --START--
INFO: Run Behavior\ContentReplaceBehavior [ RunTime:0.000918s ]
INFO: [ template_filter ] --END-- [ RunTime:0.002210s ]
INFO: Run Behavior\ParseTemplateBehavior [ RunTime:0.133076s ]
INFO: [ view_parse ] --END-- [ RunTime:0.134266s ]
INFO: [ view_filter ] --START--
INFO: Run Behavior\WriteHtmlCacheBehavior [ RunTime:0.002539s ]
INFO: [ view_filter ] --END-- [ RunTime:0.003752s ]
INFO: [ app_end ] --START--
INFO: Run Behavior\ShowPageTraceBehavior [ RunTime:0.009690s ]
INFO: [ app_end ] --END-- [ RunTime:0.010850s ]

[ 2016-01-02T10:42:35+08:00 ] 192.168.1.2 /ThinkPHP_APP/TP_Message/Index/refresh.html?p=
INFO: [ app_init ] --START--
INFO: Run Behavior\BuildLiteBehavior [ RunTime:0.000256s ]
INFO: [ app_init ] --END-- [ RunTime:0.007212s ]
INFO: [ app_begin ] --START--
INFO: Run Behavior\ReadHtmlCacheBehavior [ RunTime:0.009349s ]
INFO: [ app_begin ] --END-- [ RunTime:0.010441s ]
SQL: SHOW COLUMNS FROM `table2comment` [ RunTime:0.0078s ]
SQL: SELECT COUNT(*) AS tp_count FROM `table2comment` LIMIT 1   [ RunTime:0.0028s ]
SQL: SELECT * FROM `table2comment` ORDER BY commenttime desc LIMIT 0,10   [ RunTime:0.0045s ]
SQL: SHOW COLUMNS FROM `table2user` [ RunTime:0.0089s ]
SQL: SELECT `imgnum`,`webpage` FROM `table2user` WHERE `username` = 'mika'  [ RunTime:0.0026s ]
SQL: SELECT `imgnum`,`webpage` FROM `table2user` WHERE `username` = 'mika'  [ RunTime:0.0009s ]
SQL: SELECT `imgnum`,`webpage` FROM `table2user` WHERE `username` = 'mika'  [ RunTime:0.0009s ]
SQL: SELECT `imgnum`,`webpage` FROM `table2user` WHERE `username` = 'mika'  [ RunTime:0.0009s ]
SQL: SELECT `imgnum`,`webpage` FROM `table2user` WHERE `username` = 'mika'  [ RunTime:0.0022s ]
SQL: SELECT `imgnum`,`webpage` FROM `table2user` WHERE `username` = 'mika'  [ RunTime:0.0009s ]
SQL: SELECT `imgnum`,`webpage` FROM `table2user` WHERE `username` = 'mika'  [ RunTime:0.0009s ]
SQL: SELECT `imgnum`,`webpage` FROM `table2user` WHERE `username` = 'mika'  [ RunTime:0.0009s ]
SQL: SELECT `imgnum`,`webpage` FROM `table2user` WHERE `username` = 'mika'  [ RunTime:0.0009s ]
SQL: SELECT `imgnum`,`webpage` FROM `table2user` WHERE `username` = 'mika'  [ RunTime:0.0009s ]

